<?xml version="1.0" encoding="UTF-8"?>
<!-- Generated by org.testng.reporters.JUnitXMLReporter -->
<testsuite ignored="0" hostname="L-5CD4502FVD" failures="0" tests="1" name="Percy Visual Tests" time="0.022" errors="0" timestamp="2025-04-24T15:23:07 IST">
  <testcase classname="io.percy.selenium.BajajDemoTest" name="@BeforeSuite testSetup" time="16.42">
    <failure type="org.openqa.selenium.SessionNotCreatedException" message="Could not start a new session. Possible causes are invalid address of the remote server or browser start-up failure. 
Host info: host: &amp;apos;L-5CD4502FVD&amp;apos;, ip: &amp;apos;10.27.21.184&amp;apos;">
      <![CDATA[org.openqa.selenium.SessionNotCreatedException: Could not start a new session. Possible causes are invalid address of the remote server or browser start-up failure. 
Host info: host: 'L-5CD4502FVD', ip: '10.27.21.184'
at org.openqa.selenium.remote.RemoteWebDriver.execute(RemoteWebDriver.java:537)
at org.openqa.selenium.remote.RemoteWebDriver.startSession(RemoteWebDriver.java:233)
at org.openqa.selenium.remote.RemoteWebDriver.<init>(RemoteWebDriver.java:162)
at org.openqa.selenium.remote.RemoteWebDriver.<init>(RemoteWebDriver.java:142)
at io.percy.selenium.BajajDemoTest.testSetup(BajajDemoTest.java:224)
Caused by: org.openqa.selenium.TimeoutException: java.net.http.HttpConnectTimeoutException: HTTP connect timed out
Build info: version: '4.18.1', revision: 'b1d3319b48'
System info: os.name: 'Windows 11', os.arch: 'amd64', os.version: '10.0', java.version: '21.0.2'
Driver info: driver.version: RemoteWebDriver
at org.openqa.selenium.remote.http.jdk.JdkHttpClient.execute0(JdkHttpClient.java:393)
at org.openqa.selenium.remote.http.AddSeleniumUserAgent.lambda$apply$0(AddSeleniumUserAgent.java:42)
at org.openqa.selenium.remote.http.Filter.lambda$andFinally$1(Filter.java:55)
at org.openqa.selenium.remote.http.jdk.JdkHttpClient.execute(JdkHttpClient.java:359)
at org.openqa.selenium.remote.tracing.TracedHttpClient.execute(TracedHttpClient.java:54)
at org.openqa.selenium.remote.ProtocolHandshake.createSession(ProtocolHandshake.java:114)
at org.openqa.selenium.remote.ProtocolHandshake.createSession(ProtocolHandshake.java:95)
at org.openqa.selenium.remote.ProtocolHandshake.createSession(ProtocolHandshake.java:67)
at org.openqa.selenium.remote.HttpCommandExecutor.execute(HttpCommandExecutor.java:162)
at org.openqa.selenium.remote.TracedCommandExecutor.execute(TracedCommandExecutor.java:51)
at org.openqa.selenium.remote.RemoteWebDriver.execute(RemoteWebDriver.java:519)
... 25 more
Caused by: java.net.http.HttpConnectTimeoutException: HTTP connect timed out
at java.net.http/jdk.internal.net.http.MultiExchange.toTimeoutException(MultiExchange.java:585)
at java.net.http/jdk.internal.net.http.MultiExchange.getExceptionalCF(MultiExchange.java:532)
at java.net.http/jdk.internal.net.http.MultiExchange.lambda$responseAsyncImpl$7(MultiExchange.java:452)
at java.base/java.util.concurrent.CompletableFuture.uniHandle(CompletableFuture.java:934)
at java.base/java.util.concurrent.CompletableFuture.uniHandleStage(CompletableFuture.java:950)
at java.base/java.util.concurrent.CompletableFuture.handle(CompletableFuture.java:2372)
at java.net.http/jdk.internal.net.http.MultiExchange.responseAsyncImpl(MultiExchange.java:444)
at java.net.http/jdk.internal.net.http.MultiExchange.lambda$responseAsyncImpl$5(MultiExchange.java:441)
at java.base/java.util.concurrent.CompletableFuture.uniHandle(CompletableFuture.java:934)
at java.base/java.util.concurrent.CompletableFuture.uniHandleStage(CompletableFuture.java:950)
at java.base/java.util.concurrent.CompletableFuture.handle(CompletableFuture.java:2372)
at java.net.http/jdk.internal.net.http.MultiExchange.lambda$responseAsyncImpl$6(MultiExchange.java:436)
at java.base/java.util.concurrent.CompletableFuture$UniCompose.tryFire(CompletableFuture.java:1150)
at java.base/java.util.concurrent.CompletableFuture.postComplete(CompletableFuture.java:510)
at java.base/java.util.concurrent.CompletableFuture.postFire(CompletableFuture.java:614)
at java.base/java.util.concurrent.CompletableFuture$UniApply.tryFire(CompletableFuture.java:653)
at java.base/java.util.concurrent.CompletableFuture$Completion.run(CompletableFuture.java:482)
at java.net.http/jdk.internal.net.http.HttpClientImpl$DelegatingExecutor.execute(HttpClientImpl.java:177)
at java.base/java.util.concurrent.CompletableFuture$UniCompletion.claim(CompletableFuture.java:572)
at java.base/java.util.concurrent.CompletableFuture$UniApply.tryFire(CompletableFuture.java:642)
at java.base/java.util.concurrent.CompletableFuture.postComplete(CompletableFuture.java:510)
at java.base/java.util.concurrent.CompletableFuture.complete(CompletableFuture.java:2179)
at java.net.http/jdk.internal.net.http.Http1Response$HeadersReader.handle(Http1Response.java:610)
at java.net.http/jdk.internal.net.http.Http1Response$HeadersReader.handle(Http1Response.java:536)
at java.net.http/jdk.internal.net.http.Http1Response$Receiver.accept(Http1Response.java:527)
at java.net.http/jdk.internal.net.http.Http1Response$HeadersReader.tryAsyncReceive(Http1Response.java:583)
at java.net.http/jdk.internal.net.http.Http1AsyncReceiver.flush(Http1AsyncReceiver.java:233)
at java.net.http/jdk.internal.net.http.common.SequentialScheduler$LockingRestartableTask.run(SequentialScheduler.java:182)
at java.net.http/jdk.internal.net.http.common.SequentialScheduler$CompleteRestartableTask.run(SequentialScheduler.java:149)
at java.net.http/jdk.internal.net.http.common.SequentialScheduler$SchedulableTask.run(SequentialScheduler.java:207)
at java.net.http/jdk.internal.net.http.HttpClientImpl$DelegatingExecutor.execute(HttpClientImpl.java:177)
at java.net.http/jdk.internal.net.http.common.SequentialScheduler.runOrSchedule(SequentialScheduler.java:282)
at java.net.http/jdk.internal.net.http.common.SequentialScheduler.runOrSchedule(SequentialScheduler.java:251)
at java.net.http/jdk.internal.net.http.Http1AsyncReceiver.asyncReceive(Http1AsyncReceiver.java:468)
at java.net.http/jdk.internal.net.http.Http1AsyncReceiver$Http1TubeSubscriber.onNext(Http1AsyncReceiver.java:589)
at java.net.http/jdk.internal.net.http.Http1AsyncReceiver$Http1TubeSubscriber.onNext(Http1AsyncReceiver.java:546)
at java.net.http/jdk.internal.net.http.common.SSLTube$DelegateWrapper.onNext(SSLTube.java:210)
at java.net.http/jdk.internal.net.http.common.SSLTube$SSLSubscriberWrapper.onNext(SSLTube.java:492)
at java.net.http/jdk.internal.net.http.common.SSLTube$SSLSubscriberWrapper.onNext(SSLTube.java:295)
at java.net.http/jdk.internal.net.http.common.SubscriberWrapper$DownstreamPusher.run1(SubscriberWrapper.java:316)
at java.net.http/jdk.internal.net.http.common.SubscriberWrapper$DownstreamPusher.run(SubscriberWrapper.java:259)
at java.net.http/jdk.internal.net.http.common.SequentialScheduler$LockingRestartableTask.run(SequentialScheduler.java:182)
at java.net.http/jdk.internal.net.http.common.SequentialScheduler$CompleteRestartableTask.run(SequentialScheduler.java:149)
at java.net.http/jdk.internal.net.http.common.SequentialScheduler$SchedulableTask.run(SequentialScheduler.java:207)
at java.net.http/jdk.internal.net.http.common.SequentialScheduler.runOrSchedule(SequentialScheduler.java:280)
at java.net.http/jdk.internal.net.http.common.SequentialScheduler.runOrSchedule(SequentialScheduler.java:233)
at java.net.http/jdk.internal.net.http.common.SubscriberWrapper.outgoing(SubscriberWrapper.java:232)
at java.net.http/jdk.internal.net.http.common.SubscriberWrapper.outgoing(SubscriberWrapper.java:198)
at java.net.http/jdk.internal.net.http.common.SSLFlowDelegate$Reader.processData(SSLFlowDelegate.java:451)
at java.net.http/jdk.internal.net.http.common.SSLFlowDelegate$Reader$ReaderDownstreamPusher.run(SSLFlowDelegate.java:269)
at java.net.http/jdk.internal.net.http.common.SequentialScheduler$LockingRestartableTask.run(SequentialScheduler.java:182)
at java.net.http/jdk.internal.net.http.common.SequentialScheduler$CompleteRestartableTask.run(SequentialScheduler.java:149)
at java.net.http/jdk.internal.net.http.common.SequentialScheduler$SchedulableTask.run(SequentialScheduler.java:207)
at java.base/java.util.concurrent.ThreadPoolExecutor.runWorker(ThreadPoolExecutor.java:1144)
at java.base/java.util.concurrent.ThreadPoolExecutor$Worker.run(ThreadPoolExecutor.java:642)
at java.base/java.lang.Thread.run(Thread.java:1583)
Caused by: java.net.ConnectException: HTTP connect timed out
at java.net.http/jdk.internal.net.http.MultiExchange.toTimeoutException(MultiExchange.java:586)
... 55 more
... Removed 21 stack frames]]>
    </failure>
  </testcase> <!-- @BeforeSuite testSetup -->
  <testcase classname="io.percy.selenium.BajajDemoTest" name="takesMultipleSnapshotsInOneTestCase" time="0.0">
    <skipped/>
  </testcase> <!-- takesMultipleSnapshotsInOneTestCase -->
</testsuite> <!-- Percy Visual Tests -->
