<?xml version="1.0" encoding="UTF-8"?>
<testsuite xmlns:xsi="http://www.w3.org/2001/XMLSchema-instance" xsi:noNamespaceSchemaLocation="https://maven.apache.org/surefire/maven-surefire-plugin/xsd/surefire-test-report-3.0.xsd" version="3.0" name="TestSuite" time="87.873" tests="1" errors="0" skipped="0" failures="0">
  <properties>
[...]
</properties>
  <testcase name="takesMultipleSnapshotsInOneTestCase" classname="io.percy.selenium.BajajDemoTest" time="75.785">
    <system-out><![CDATA[Setting up SSL certificate handling...
Setting up custom truststore...
Using existing custom truststore: C:\Users\202503199/Certificates/custom-truststore.jks
Setting up runtime SSL bypass...
Runtime SSL bypass successful
Setting up WebDriver capabilities...
Connecting to BrowserStack...
[&amp#27;[35mpercy&amp#27;[39m] Percy is not running, disabling snapshots
Successfully connected to BrowserStack
Loaded TEST_URL: https://www.bajajfinserv.in
Excel file path: C:\Users\202503199\Percy_Workspace\percy-selenium-java\src\main\java\io\percy\selenium\Percy.xlsx
Excel file exists: true
Excel sheet loaded successfully with 4 rows
Processing 3 rows from Excel sheet
Processing row 1: GMB_PL -> /personal-loan
Waiting for page to load...
Document ready state is complete
Additional wait for final rendering...
Page load wait completed
Snapshot taken: GMB_PL_PL at width: 375px
Waiting for page to load...
Document ready state is complete
Additional wait for final rendering...
Page load wait completed
Snapshot taken: GMB_PL_GL at width: 1280px
Processing row 2: GMB_GL -> /gold-loan
Waiting for page to load...
Document ready state is complete
Additional wait for final rendering...
Page load wait completed
Snapshot taken: GMB_GL_PL at width: 375px
Waiting for page to load...
Document ready state is complete
Additional wait for final rendering...
Page load wait completed
Snapshot taken: GMB_GL_GL at width: 1280px
Processing row 3: GMB_IPL -> /insta-emi-card
Waiting for page to load...
Document ready state is complete
Additional wait for final rendering...
Page load wait completed
Snapshot taken: GMB_IPL_PL at width: 375px
Waiting for page to load...
Document ready state is complete
Additional wait for final rendering...
Page load wait completed
Snapshot taken: GMB_IPL_GL at width: 1280px
]]></system-out>
    <system-err><![CDATA[SLF4J: Failed to load class "org.slf4j.impl.StaticLoggerBinder".
SLF4J: Defaulting to no-operation (NOP) logger implementation
SLF4J: See http://www.slf4j.org/codes.html#StaticLoggerBinder for further details.
Apr 24, 2025 3:26:25 PM org.openqa.selenium.remote.tracing.opentelemetry.OpenTelemetryTracer createTracer
INFO: Using OpenTelemetry for tracing
]]></system-err>
  </testcase>
</testsuite>