<?xml version="1.0" encoding="UTF-8"?>
<testng-results ignored="0" total="1" passed="1" failed="0" skipped="0">
  <reporter-output>
  </reporter-output>
  <suite started-at="2025-04-22T10:48:17 IST" name="Default suite" finished-at="2025-04-22T10:49:49 IST" duration-ms="91839">
    <groups>
    </groups>
    <test started-at="2025-04-22T10:48:17 IST" name="Default test" finished-at="2025-04-22T10:49:49 IST" duration-ms="91839">
      <class name="io.percy.selenium.BajajDemoTest">
        <test-method is-config="true" signature="testSetup()[pri:0, instance:io.percy.selenium.BajajDemoTest@dd8ba08]" started-at="2025-04-22T10:48:03 IST" name="testSetup" finished-at="2025-04-22T10:48:17 IST" duration-ms="14157" status="PASS">
          <reporter-output>
          </reporter-output>
        </test-method> <!-- testSetup -->
        <test-method signature="takesMultipleSnapshotsInOneTestCase()[pri:0, instance:io.percy.selenium.BajajDemoTest@dd8ba08]" started-at="2025-04-22T10:48:17 IST" name="takesMultipleSnapshotsInOneTestCase" finished-at="2025-04-22T10:49:49 IST" duration-ms="91822" status="PASS">
          <reporter-output>
          </reporter-output>
        </test-method> <!-- takesMultipleSnapshotsInOneTestCase -->
        <test-method is-config="true" signature="testTeardown()[pri:0, instance:io.percy.selenium.BajajDemoTest@dd8ba08]" started-at="2025-04-22T10:49:49 IST" name="testTeardown" finished-at="2025-04-22T10:49:50 IST" duration-ms="1195" status="PASS">
          <reporter-output>
          </reporter-output>
        </test-method> <!-- testTeardown -->
      </class> <!-- io.percy.selenium.BajajDemoTest -->
    </test> <!-- Default test -->
  </suite> <!-- Default suite -->
</testng-results>
